<?xml version="1.0" encoding="UTF-8"?>
<testsuite xmlns:xsi="http://www.w3.org/2001/XMLSchema-instance" xsi:noNamespaceSchemaLocation="https://maven.apache.org/surefire/maven-surefire-plugin/xsd/surefire-test-report.xsd" name="ru.praktikum_sevices.qa_scooter.courier.CourierLoginTest" time="126.248" tests="10" errors="0" skipped="0" failures="2">
  <properties>
    <property name="sun.desktop" value="windows"/>
    <property name="awt.toolkit" value="sun.awt.windows.WToolkit"/>
    <property name="java.specification.version" value="11"/>
    <property name="sun.cpu.isalist" value="amd64"/>
    <property name="sun.jnu.encoding" value="Cp1251"/>
    <property name="java.class.path" value="C:\Users\vorku\IdeaProjects\Sprint_3\target\test-classes;C:\Users\vorku\IdeaProjects\Sprint_3\target\classes;C:\Users\vorku\.m2\repository\junit\junit\4.13.2\junit-4.13.2.jar;C:\Users\vorku\.m2\repository\org\hamcrest\hamcrest-core\1.3\hamcrest-core-1.3.jar;C:\Users\vorku\.m2\repository\io\rest-assured\rest-assured\5.0.1\rest-assured-5.0.1.jar;C:\Users\vorku\.m2\repository\org\apache\groovy\groovy\4.0.1\groovy-4.0.1.jar;C:\Users\vorku\.m2\repository\org\apache\groovy\groovy-xml\4.0.1\groovy-xml-4.0.1.jar;C:\Users\vorku\.m2\repository\org\apache\httpcomponents\httpclient\4.5.13\httpclient-4.5.13.jar;C:\Users\vorku\.m2\repository\org\apache\httpcomponents\httpcore\4.4.13\httpcore-4.4.13.jar;C:\Users\vorku\.m2\repository\commons-logging\commons-logging\1.2\commons-logging-1.2.jar;C:\Users\vorku\.m2\repository\commons-codec\commons-codec\1.11\commons-codec-1.11.jar;C:\Users\vorku\.m2\repository\org\apache\httpcomponents\httpmime\4.5.13\httpmime-4.5.13.jar;C:\Users\vorku\.m2\repository\org\hamcrest\hamcrest\2.1\hamcrest-2.1.jar;C:\Users\vorku\.m2\repository\org\ccil\cowan\tagsoup\tagsoup\1.2.1\tagsoup-1.2.1.jar;C:\Users\vorku\.m2\repository\io\rest-assured\json-path\5.0.1\json-path-5.0.1.jar;C:\Users\vorku\.m2\repository\org\apache\groovy\groovy-json\4.0.1\groovy-json-4.0.1.jar;C:\Users\vorku\.m2\repository\io\rest-assured\rest-assured-common\5.0.1\rest-assured-common-5.0.1.jar;C:\Users\vorku\.m2\repository\io\rest-assured\xml-path\5.0.1\xml-path-5.0.1.jar;C:\Users\vorku\.m2\repository\org\apache\commons\commons-lang3\3.11\commons-lang3-3.11.jar;C:\Users\vorku\.m2\repository\com\google\code\gson\gson\2.8.9\gson-2.8.9.jar;C:\Users\vorku\.m2\repository\io\qameta\allure\allure-junit4\2.18.0\allure-junit4-2.18.0.jar;C:\Users\vorku\.m2\repository\io\qameta\allure\allure-java-commons\2.18.0\allure-java-commons-2.18.0.jar;C:\Users\vorku\.m2\repository\org\slf4j\slf4j-api\1.7.30\slf4j-api-1.7.30.jar;C:\Users\vorku\.m2\repository\io\qameta\allure\allure-model\2.18.0\allure-model-2.18.0.jar;C:\Users\vorku\.m2\repository\io\qameta\allure\allure-rest-assured\2.18.0\allure-rest-assured-2.18.0.jar;C:\Users\vorku\.m2\repository\io\qameta\allure\allure-attachments\2.18.0\allure-attachments-2.18.0.jar;C:\Users\vorku\.m2\repository\org\freemarker\freemarker\2.3.31\freemarker-2.3.31.jar;"/>
    <property name="java.vm.vendor" value="Amazon.com Inc."/>
    <property name="sun.arch.data.model" value="64"/>
    <property name="user.variant" value=""/>
    <property name="java.vendor.url" value="https://aws.amazon.com/corretto/"/>
    <property name="user.timezone" value="Europe/Moscow"/>
    <property name="java.vm.specification.version" value="11"/>
    <property name="os.name" value="Windows 10"/>
    <property name="sun.java.launcher" value="SUN_STANDARD"/>
    <property name="user.country" value="RU"/>
    <property name="sun.boot.library.path" value="C:\Program Files\Amazon Corretto\jdk11.0.14_10\bin"/>
    <property name="sun.java.command" value="C:\Users\vorku\AppData\Local\Temp\surefire13831451836102412868\surefirebooter7914001619193793092.jar C:\Users\vorku\AppData\Local\Temp\surefire13831451836102412868 2022-06-05T20-30-52_121-jvmRun1 surefire5741155178299648936tmp surefire_08595904775271557560tmp"/>
    <property name="jdk.debug" value="release"/>
    <property name="surefire.test.class.path" value="C:\Users\vorku\IdeaProjects\Sprint_3\target\test-classes;C:\Users\vorku\IdeaProjects\Sprint_3\target\classes;C:\Users\vorku\.m2\repository\junit\junit\4.13.2\junit-4.13.2.jar;C:\Users\vorku\.m2\repository\org\hamcrest\hamcrest-core\1.3\hamcrest-core-1.3.jar;C:\Users\vorku\.m2\repository\io\rest-assured\rest-assured\5.0.1\rest-assured-5.0.1.jar;C:\Users\vorku\.m2\repository\org\apache\groovy\groovy\4.0.1\groovy-4.0.1.jar;C:\Users\vorku\.m2\repository\org\apache\groovy\groovy-xml\4.0.1\groovy-xml-4.0.1.jar;C:\Users\vorku\.m2\repository\org\apache\httpcomponents\httpclient\4.5.13\httpclient-4.5.13.jar;C:\Users\vorku\.m2\repository\org\apache\httpcomponents\httpcore\4.4.13\httpcore-4.4.13.jar;C:\Users\vorku\.m2\repository\commons-logging\commons-logging\1.2\commons-logging-1.2.jar;C:\Users\vorku\.m2\repository\commons-codec\commons-codec\1.11\commons-codec-1.11.jar;C:\Users\vorku\.m2\repository\org\apache\httpcomponents\httpmime\4.5.13\httpmime-4.5.13.jar;C:\Users\vorku\.m2\repository\org\hamcrest\hamcrest\2.1\hamcrest-2.1.jar;C:\Users\vorku\.m2\repository\org\ccil\cowan\tagsoup\tagsoup\1.2.1\tagsoup-1.2.1.jar;C:\Users\vorku\.m2\repository\io\rest-assured\json-path\5.0.1\json-path-5.0.1.jar;C:\Users\vorku\.m2\repository\org\apache\groovy\groovy-json\4.0.1\groovy-json-4.0.1.jar;C:\Users\vorku\.m2\repository\io\rest-assured\rest-assured-common\5.0.1\rest-assured-common-5.0.1.jar;C:\Users\vorku\.m2\repository\io\rest-assured\xml-path\5.0.1\xml-path-5.0.1.jar;C:\Users\vorku\.m2\repository\org\apache\commons\commons-lang3\3.11\commons-lang3-3.11.jar;C:\Users\vorku\.m2\repository\com\google\code\gson\gson\2.8.9\gson-2.8.9.jar;C:\Users\vorku\.m2\repository\io\qameta\allure\allure-junit4\2.18.0\allure-junit4-2.18.0.jar;C:\Users\vorku\.m2\repository\io\qameta\allure\allure-java-commons\2.18.0\allure-java-commons-2.18.0.jar;C:\Users\vorku\.m2\repository\org\slf4j\slf4j-api\1.7.30\slf4j-api-1.7.30.jar;C:\Users\vorku\.m2\repository\io\qameta\allure\allure-model\2.18.0\allure-model-2.18.0.jar;C:\Users\vorku\.m2\repository\io\qameta\allure\allure-rest-assured\2.18.0\allure-rest-assured-2.18.0.jar;C:\Users\vorku\.m2\repository\io\qameta\allure\allure-attachments\2.18.0\allure-attachments-2.18.0.jar;C:\Users\vorku\.m2\repository\org\freemarker\freemarker\2.3.31\freemarker-2.3.31.jar;"/>
    <property name="sun.cpu.endian" value="little"/>
    <property name="allure.results.directory" value="C:\Users\vorku\IdeaProjects\Sprint_3\target/allure-results"/>
    <property name="user.home" value="C:\Users\vorku"/>
    <property name="user.language" value="ru"/>
    <property name="java.specification.vendor" value="Oracle Corporation"/>
    <property name="java.version.date" value="2022-02-08"/>
    <property name="java.home" value="C:\Program Files\Amazon Corretto\jdk11.0.14_10"/>
    <property name="file.separator" value="\"/>
    <property name="basedir" value="C:\Users\vorku\IdeaProjects\Sprint_3"/>
    <property name="java.vm.compressedOopsMode" value="Zero based"/>
    <property name="line.separator" value="&#10;"/>
    <property name="java.specification.name" value="Java Platform API Specification"/>
    <property name="java.vm.specification.vendor" value="Oracle Corporation"/>
    <property name="java.awt.graphicsenv" value="sun.awt.Win32GraphicsEnvironment"/>
    <property name="surefire.real.class.path" value="C:\Users\vorku\AppData\Local\Temp\surefire13831451836102412868\surefirebooter7914001619193793092.jar"/>
    <property name="user.script" value=""/>
    <property name="sun.management.compiler" value="HotSpot 64-Bit Tiered Compilers"/>
    <property name="java.runtime.version" value="11.0.14.1+10-LTS"/>
    <property name="user.name" value="vorku"/>
    <property name="path.separator" value=";"/>
    <property name="os.version" value="10.0"/>
    <property name="java.runtime.name" value="OpenJDK Runtime Environment"/>
    <property name="file.encoding" value="Cp1251"/>
    <property name="java.vm.name" value="OpenJDK 64-Bit Server VM"/>
    <property name="java.vendor.version" value="Corretto-11.0.14.10.1"/>
    <property name="localRepository" value="C:\Users\vorku\.m2\repository"/>
    <property name="java.vendor.url.bug" value="https://github.com/corretto/corretto-11/issues/"/>
    <property name="java.io.tmpdir" value="C:\Users\vorku\AppData\Local\Temp\"/>
    <property name="idea.version" value="2021.2.2"/>
    <property name="java.version" value="11.0.14.1"/>
    <property name="user.dir" value="C:\Users\vorku\IdeaProjects\Sprint_3"/>
    <property name="os.arch" value="amd64"/>
    <property name="java.vm.specification.name" value="Java Virtual Machine Specification"/>
    <property name="java.awt.printerjob" value="sun.awt.windows.WPrinterJob"/>
    <property name="sun.os.patch.level" value=""/>
    <property name="java.library.path" value="C:\Program Files\Amazon Corretto\jdk11.0.14_10\bin;C:\Windows\Sun\Java\bin;C:\Windows\system32;C:\Windows;C:\Windows\system32;C:\Windows;C:\Windows\System32\Wbem;C:\Windows\System32\WindowsPowerShell\v1.0\;C:\Windows\System32\OpenSSH\;C:\Program Files (x86)\NVIDIA Corporation\PhysX\Common;C:\Program Files\Git\cmd;C:\Program Files\jdk-11.0.2\bin;C:\Gradle\gradle-6.7.1\bin;C:\openshift_oct;C:\Program Files\dotnet\;C:\Program Files\graalvmjava11-21.1.0;C:\Program Files\nodejs\;C:\Program Files\apache-maven-3.8.4\bin;C:\Program Files\Amazon Corretto\jdk11.0.14_10\bin;C:\Program Files\Amazon Corretto\jdk11.0.14_10\bin;C:\apache-maven-3.8.5\bin;C:\Program Files\Docker\Docker\resources\bin;C:\ProgramData\DockerDesktop\version-bin;C:\allure-commandline-2.18.0\allure-2.18.0\bin;C:\Users\vorku\AppData\Local\Microsoft\WindowsApps;C:\Program Files\JetBrains\IntelliJ IDEA Community Edition 2020.3\bin;C:\Program Files\JetBrains\PyCharm Community Edition 2020.3.2\bin;C:\Users\vorku\AppData\Local\Programs\Fiddler;C:\Users\vorku\.dotnet\tools;C:\Program Files\graalvmjava11-21.1.0;C:\Users\vorku\AppData\Roaming\npm;C:\Users\vorku\AppData\Local\Programs\Microsoft VS Code\bin;C:\Program Files\apache-maven-3.8.4\bin;C:\allure-commandline-2.18.0\allure-2.18.0\bin;;."/>
    <property name="java.vm.info" value="mixed mode"/>
    <property name="java.vendor" value="Amazon.com Inc."/>
    <property name="java.vm.version" value="11.0.14.1+10-LTS"/>
    <property name="sun.io.unicode.encoding" value="UnicodeLittle"/>
    <property name="java.class.version" value="55.0"/>
  </properties>
  <testcase name="shouldNotBeLoginWithWrongLogin" classname="ru.praktikum_sevices.qa_scooter.courier.CourierLoginTest" time="0.609"/>
  <testcase name="shouldNotBeLoginWithoutLogin" classname="ru.praktikum_sevices.qa_scooter.courier.CourierLoginTest" time="0.639"/>
  <testcase name="shouldNotBeLoginWitEmptyLogin" classname="ru.praktikum_sevices.qa_scooter.courier.CourierLoginTest" time="0.693"/>
  <testcase name="shouldNotBeLoginWithEmptyPassword" classname="ru.praktikum_sevices.qa_scooter.courier.CourierLoginTest" time="0.657"/>
  <testcase name="shouldNotBeLoginWithWrongPassword" classname="ru.praktikum_sevices.qa_scooter.courier.CourierLoginTest" time="0.581"/>
  <testcase name="shouldNotBeLoginWithEmptyLoginAndPassword" classname="ru.praktikum_sevices.qa_scooter.courier.CourierLoginTest" time="0.627"/>
  <testcase name="shouldNotBeLoginWithoutLoginAndPassword" classname="ru.praktikum_sevices.qa_scooter.courier.CourierLoginTest" time="60.662">
    <failure message="Статус код не 400&#10;Expected: &lt;400&gt;&#10;     but: was &lt;504&gt;" type="java.lang.AssertionError"><![CDATA[java.lang.AssertionError: 
Статус код не 400
Expected: <400>
     but: was <504>
	at ru.praktikum_sevices.qa_scooter.courier.CourierLoginTest.shouldNotBeLoginWithoutLoginAndPassword(CourierLoginTest.java:105)
]]></failure>
    <system-out><![CDATA[Request method:	POST
Request URI:	https://qa-scooter.praktikum-services.ru/api/v1/courier/
Proxy:			<none>
Request params:	<none>
Query params:	<none>
Form params:	<none>
Path params:	<none>
Headers:		Accept=*/*
				Content-Type=application/json
Cookies:		<none>
Multiparts:		<none>
Body:
{
    "login": "DA7C1X",
    "password": "cpAZPj9DS",
    "firstName": "vwurseK"
}
HTTP/1.1 201 Created
Access-Control-Allow-Origin: *
Content-Length: 11
Content-Type: application/json; charset=utf-8
Date: Sun, 05 Jun 2022 17:31:06 GMT
ETag: W/"b-Ai2R8hgEarLmHKwesT1qcY913ys"
Set-Cookie: _yasc=5AXz9FS72zFXezBT4h3ED8gsNeSF3UEhMy3bEvpr6fGB0w==; domain=.praktikum-services.ru; path=/; expires=Tue, 05-Jul-2022 17:31:06 GMT; secure
X-Powered-By: Express
X-Request-Id: 1654450266423927-13413389661140272155

{
    "ok": true
}
Request method:	POST
Request URI:	https://qa-scooter.praktikum-services.ru/api/v1/courier/login
Proxy:			<none>
Request params:	<none>
Query params:	<none>
Form params:	<none>
Path params:	<none>
Headers:		Accept=*/*
				Content-Type=application/json
Cookies:		<none>
Multiparts:		<none>
Body:
{
    
}
HTTP/1.1 504 Gateway time out
Content-Length: 19
Set-Cookie: _yasc=cIVR4XCMixvojlGnzJgO47aZredfvOgY5GPQia3QjgGPmw==; domain=.praktikum-services.ru; path=/; expires=Tue, 05-Jul-2022 17:31:06 GMT; secure
X-Request-Id: 1654450266553933-7081647326538651190

Service unavailable
Request method:	POST
Request URI:	https://qa-scooter.praktikum-services.ru/api/v1/courier/login
Proxy:			<none>
Request params:	<none>
Query params:	<none>
Form params:	<none>
Path params:	<none>
Headers:		Accept=*/*
				Content-Type=application/json
Cookies:		<none>
Multiparts:		<none>
Body:
{
    "login": "DA7C1X",
    "password": "cpAZPj9DS"
}
HTTP/1.1 200 OK
Access-Control-Allow-Origin: *
Content-Length: 12
Content-Type: application/json; charset=utf-8
Date: Sun, 05 Jun 2022 17:32:06 GMT
ETag: W/"c-mf4tYoSf5nRtI53aeP3G07S6Q0U"
Set-Cookie: _yasc=sNiLSfjPdZwRGY+oOiPWBZwkmZadIQMOM3A0JfBexdBBMQ==; domain=.praktikum-services.ru; path=/; expires=Tue, 05-Jul-2022 17:32:06 GMT; secure
X-Powered-By: Express
X-Request-Id: 1654450326716548-11784977604124278469

{
    "id": 76942
}
Request method:	DELETE
Request URI:	https://qa-scooter.praktikum-services.ru/api/v1/courier/76942
Proxy:			<none>
Request params:	<none>
Query params:	<none>
Form params:	<none>
Path params:	<none>
Headers:		Accept=*/*
				Content-Type=application/json
Cookies:		<none>
Multiparts:		<none>
Body:			<none>
HTTP/1.1 200 OK
Access-Control-Allow-Origin: *
Content-Length: 11
Content-Type: application/json; charset=utf-8
Date: Sun, 05 Jun 2022 17:32:06 GMT
ETag: W/"b-Ai2R8hgEarLmHKwesT1qcY913ys"
Set-Cookie: _yasc=XDvVSaUO2olELt7Yt+8lPAu5odZn3oCVPFPa39PWmboVgQ==; domain=.praktikum-services.ru; path=/; expires=Tue, 05-Jul-2022 17:32:06 GMT; secure
X-Powered-By: Express
X-Request-Id: 1654450326915702-11718342840611782267

{
    "ok": true
}
]]></system-out>
  </testcase>
  <testcase name="shouldNotBeLoginNonExistentCourier" classname="ru.praktikum_sevices.qa_scooter.courier.CourierLoginTest" time="0.71"/>
  <testcase name="shouldBeSuccessLoginWithValidCredentials" classname="ru.praktikum_sevices.qa_scooter.courier.CourierLoginTest" time="0.372"/>
  <testcase name="shouldNotBeLoginWithoutPassword" classname="ru.praktikum_sevices.qa_scooter.courier.CourierLoginTest" time="60.69">
    <failure message="Статус код не 400&#10;Expected: &lt;400&gt;&#10;     but: was &lt;504&gt;" type="java.lang.AssertionError"><![CDATA[java.lang.AssertionError: 
Статус код не 400
Expected: <400>
     but: was <504>
	at ru.praktikum_sevices.qa_scooter.courier.CourierLoginTest.shouldNotBeLoginWithoutPassword(CourierLoginTest.java:87)
]]></failure>
    <system-out><![CDATA[Request method:	POST
Request URI:	https://qa-scooter.praktikum-services.ru/api/v1/courier/
Proxy:			<none>
Request params:	<none>
Query params:	<none>
Form params:	<none>
Path params:	<none>
Headers:		Accept=*/*
				Content-Type=application/json
Cookies:		<none>
Multiparts:		<none>
Body:
{
    "login": "80qm2",
    "password": "bC7flIw",
    "firstName": "srFhdM"
}
HTTP/1.1 201 Created
Access-Control-Allow-Origin: *
Content-Length: 11
Content-Type: application/json; charset=utf-8
Date: Sun, 05 Jun 2022 17:32:08 GMT
ETag: W/"b-Ai2R8hgEarLmHKwesT1qcY913ys"
Set-Cookie: _yasc=y++/9quV67Pz+cp+QXZvRIMZqRcfX5H2fsSq1uQD3VTj3g==; domain=.praktikum-services.ru; path=/; expires=Tue, 05-Jul-2022 17:32:08 GMT; secure
X-Powered-By: Express
X-Request-Id: 1654450328173556-11419057060181737720

{
    "ok": true
}
Request method:	POST
Request URI:	https://qa-scooter.praktikum-services.ru/api/v1/courier/login
Proxy:			<none>
Request params:	<none>
Query params:	<none>
Form params:	<none>
Path params:	<none>
Headers:		Accept=*/*
				Content-Type=application/json
Cookies:		<none>
Multiparts:		<none>
Body:
{
    "login": "80qm2"
}
HTTP/1.1 504 Gateway time out
Content-Length: 19
Set-Cookie: _yasc=GgfgIR2+CIwhdfq/IzJGBoihBwICOLpeVVOn0v3R+oKUYA==; domain=.praktikum-services.ru; path=/; expires=Tue, 05-Jul-2022 17:32:08 GMT; secure
X-Request-Id: 1654450328343658-9308053467671902966

Service unavailable
Request method:	POST
Request URI:	https://qa-scooter.praktikum-services.ru/api/v1/courier/login
Proxy:			<none>
Request params:	<none>
Query params:	<none>
Form params:	<none>
Path params:	<none>
Headers:		Accept=*/*
				Content-Type=application/json
Cookies:		<none>
Multiparts:		<none>
Body:
{
    "login": "80qm2",
    "password": "bC7flIw"
}
HTTP/1.1 200 OK
Access-Control-Allow-Origin: *
Content-Length: 12
Content-Type: application/json; charset=utf-8
Date: Sun, 05 Jun 2022 17:33:08 GMT
ETag: W/"c-YLh6c5wTnmyJTXWUHoh1nOZiFDM"
Set-Cookie: _yasc=epHlhg2jYWZdyufTGGEqQ99vfBRbqjrPqUbLfGPo/2Daaw==; domain=.praktikum-services.ru; path=/; expires=Tue, 05-Jul-2022 17:33:08 GMT; secure
X-Powered-By: Express
X-Request-Id: 1654450388486280-12902895976745126423

{
    "id": 76946
}
Request method:	DELETE
Request URI:	https://qa-scooter.praktikum-services.ru/api/v1/courier/76946
Proxy:			<none>
Request params:	<none>
Query params:	<none>
Form params:	<none>
Path params:	<none>
Headers:		Accept=*/*
				Content-Type=application/json
Cookies:		<none>
Multiparts:		<none>
Body:			<none>
HTTP/1.1 200 OK
Access-Control-Allow-Origin: *
Content-Length: 11
Content-Type: application/json; charset=utf-8
Date: Sun, 05 Jun 2022 17:33:08 GMT
ETag: W/"b-Ai2R8hgEarLmHKwesT1qcY913ys"
Set-Cookie: _yasc=nlej7ImQcXDDNlfsBkJiLX7IPNankDwJRbNEhXveNcIB+g==; domain=.praktikum-services.ru; path=/; expires=Tue, 05-Jul-2022 17:33:08 GMT; secure
X-Powered-By: Express
X-Request-Id: 1654450388645114-16838442908540768950

{
    "ok": true
}
]]></system-out>
  </testcase>
</testsuite>